ERROR - 2022-11-01 16:02:56 --> Error connecting to the database: mysqli_sql_exception: No such file or directory in /Users/adityatulsyan/ci-news/vendor/codeigniter4/framework/system/Database/MySQLi/Connection.php:171
Stack trace:
#0 /Users/adityatulsyan/ci-news/vendor/codeigniter4/framework/system/Database/MySQLi/Connection.php(171): mysqli->real_connect('localhost', 'root', 'root', 'ci-4', 3306, '', 0)
#1 /Users/adityatulsyan/ci-news/vendor/codeigniter4/framework/system/Database/BaseConnection.php(382): CodeIgniter\Database\MySQLi\Connection->connect(false)
#2 /Users/adityatulsyan/ci-news/vendor/codeigniter4/framework/system/Database/BaseConnection.php(561): CodeIgniter\Database\BaseConnection->initialize()
#3 /Users/adityatulsyan/ci-news/vendor/codeigniter4/framework/system/Database/BaseBuilder.php(1585): CodeIgniter\Database\BaseConnection->query('SELECT *\nFROM `...', Array, false)
#4 /Users/adityatulsyan/ci-news/vendor/codeigniter4/framework/system/Model.php(223): CodeIgniter\Database\BaseBuilder->get()
#5 /Users/adityatulsyan/ci-news/vendor/codeigniter4/framework/system/BaseModel.php(585): CodeIgniter\Model->doFindAll(0, 0)
#6 /Users/adityatulsyan/ci-news/app/Models/NewsModel.php(14): CodeIgniter\BaseModel->findAll()
#7 /Users/adityatulsyan/ci-news/app/Controllers/News.php(14): App\Models\NewsModel->getNews()
#8 /Users/adityatulsyan/ci-news/vendor/codeigniter4/framework/system/CodeIgniter.php(927): App\Controllers\News->index()
#9 /Users/adityatulsyan/ci-news/vendor/codeigniter4/framework/system/CodeIgniter.php(482): CodeIgniter\CodeIgniter->runController(Object(App\Controllers\News))
#10 /Users/adityatulsyan/ci-news/vendor/codeigniter4/framework/system/CodeIgniter.php(351): CodeIgniter\CodeIgniter->handleRequest(NULL, Object(Config\Cache), false)
#11 /Users/adityatulsyan/ci-news/public/index.php(67): CodeIgniter\CodeIgniter->run()
#12 /Users/adityatulsyan/ci-news/vendor/codeigniter4/framework/system/Commands/Server/rewrite.php(46): require_once('/Users/adityatu...')
#13 {main}

Next CodeIgniter\Database\Exceptions\DatabaseException: No such file or directory in /Users/adityatulsyan/ci-news/vendor/codeigniter4/framework/system/Database/MySQLi/Connection.php:215
Stack trace:
#0 /Users/adityatulsyan/ci-news/vendor/codeigniter4/framework/system/Database/BaseConnection.php(382): CodeIgniter\Database\MySQLi\Connection->connect(false)
#1 /Users/adityatulsyan/ci-news/vendor/codeigniter4/framework/system/Database/BaseConnection.php(561): CodeIgniter\Database\BaseConnection->initialize()
#2 /Users/adityatulsyan/ci-news/vendor/codeigniter4/framework/system/Database/BaseBuilder.php(1585): CodeIgniter\Database\BaseConnection->query('SELECT *\nFROM `...', Array, false)
#3 /Users/adityatulsyan/ci-news/vendor/codeigniter4/framework/system/Model.php(223): CodeIgniter\Database\BaseBuilder->get()
#4 /Users/adityatulsyan/ci-news/vendor/codeigniter4/framework/system/BaseModel.php(585): CodeIgniter\Model->doFindAll(0, 0)
#5 /Users/adityatulsyan/ci-news/app/Models/NewsModel.php(14): CodeIgniter\BaseModel->findAll()
#6 /Users/adityatulsyan/ci-news/app/Controllers/News.php(14): App\Models\NewsModel->getNews()
#7 /Users/adityatulsyan/ci-news/vendor/codeigniter4/framework/system/CodeIgniter.php(927): App\Controllers\News->index()
#8 /Users/adityatulsyan/ci-news/vendor/codeigniter4/framework/system/CodeIgniter.php(482): CodeIgniter\CodeIgniter->runController(Object(App\Controllers\News))
#9 /Users/adityatulsyan/ci-news/vendor/codeigniter4/framework/system/CodeIgniter.php(351): CodeIgniter\CodeIgniter->handleRequest(NULL, Object(Config\Cache), false)
#10 /Users/adityatulsyan/ci-news/public/index.php(67): CodeIgniter\CodeIgniter->run()
#11 /Users/adityatulsyan/ci-news/vendor/codeigniter4/framework/system/Commands/Server/rewrite.php(46): require_once('/Users/adityatu...')
#12 {main}
CRITICAL - 2022-11-01 16:02:56 --> Unable to connect to the database.
Main connection [MySQLi]: No such file or directory
in SYSTEMPATH/Database/BaseConnection.php on line 418.
 1 SYSTEMPATH/Database/BaseConnection.php(561): CodeIgniter\Database\BaseConnection->initialize()
 2 SYSTEMPATH/Database/BaseBuilder.php(1585): CodeIgniter\Database\BaseConnection->query('SELECT *
FROM `news`', [], false)
 3 SYSTEMPATH/Model.php(223): CodeIgniter\Database\BaseBuilder->get()
 4 SYSTEMPATH/BaseModel.php(585): CodeIgniter\Model->doFindAll(0, 0)
 5 APPPATH/Models/NewsModel.php(14): CodeIgniter\BaseModel->findAll()
 6 APPPATH/Controllers/News.php(14): App\Models\NewsModel->getNews()
 7 SYSTEMPATH/CodeIgniter.php(927): App\Controllers\News->index()
 8 SYSTEMPATH/CodeIgniter.php(482): CodeIgniter\CodeIgniter->runController(Object(App\Controllers\News))
 9 SYSTEMPATH/CodeIgniter.php(351): CodeIgniter\CodeIgniter->handleRequest(null, Object(Config\Cache), false)
10 FCPATH/index.php(67): CodeIgniter\CodeIgniter->run()
11 SYSTEMPATH/Commands/Server/rewrite.php(46): require_once('FCPATH/index.php')
ERROR - 2022-11-01 16:04:04 --> Error connecting to the database: mysqli_sql_exception: No such file or directory in /Users/adityatulsyan/ci-news/vendor/codeigniter4/framework/system/Database/MySQLi/Connection.php:171
Stack trace:
#0 /Users/adityatulsyan/ci-news/vendor/codeigniter4/framework/system/Database/MySQLi/Connection.php(171): mysqli->real_connect('localhost', 'root', 'root', 'ci-4', 3306, '', 0)
#1 /Users/adityatulsyan/ci-news/vendor/codeigniter4/framework/system/Database/BaseConnection.php(382): CodeIgniter\Database\MySQLi\Connection->connect(false)
#2 /Users/adityatulsyan/ci-news/vendor/codeigniter4/framework/system/Database/BaseConnection.php(561): CodeIgniter\Database\BaseConnection->initialize()
#3 /Users/adityatulsyan/ci-news/vendor/codeigniter4/framework/system/Database/BaseBuilder.php(1585): CodeIgniter\Database\BaseConnection->query('SELECT *\nFROM `...', Array, false)
#4 /Users/adityatulsyan/ci-news/vendor/codeigniter4/framework/system/Model.php(223): CodeIgniter\Database\BaseBuilder->get()
#5 /Users/adityatulsyan/ci-news/vendor/codeigniter4/framework/system/BaseModel.php(585): CodeIgniter\Model->doFindAll(0, 0)
#6 /Users/adityatulsyan/ci-news/app/Models/NewsModel.php(14): CodeIgniter\BaseModel->findAll()
#7 /Users/adityatulsyan/ci-news/app/Controllers/News.php(14): App\Models\NewsModel->getNews()
#8 /Users/adityatulsyan/ci-news/vendor/codeigniter4/framework/system/CodeIgniter.php(927): App\Controllers\News->index()
#9 /Users/adityatulsyan/ci-news/vendor/codeigniter4/framework/system/CodeIgniter.php(482): CodeIgniter\CodeIgniter->runController(Object(App\Controllers\News))
#10 /Users/adityatulsyan/ci-news/vendor/codeigniter4/framework/system/CodeIgniter.php(351): CodeIgniter\CodeIgniter->handleRequest(NULL, Object(Config\Cache), false)
#11 /Users/adityatulsyan/ci-news/public/index.php(67): CodeIgniter\CodeIgniter->run()
#12 /Users/adityatulsyan/ci-news/vendor/codeigniter4/framework/system/Commands/Server/rewrite.php(46): require_once('/Users/adityatu...')
#13 {main}

Next CodeIgniter\Database\Exceptions\DatabaseException: No such file or directory in /Users/adityatulsyan/ci-news/vendor/codeigniter4/framework/system/Database/MySQLi/Connection.php:215
Stack trace:
#0 /Users/adityatulsyan/ci-news/vendor/codeigniter4/framework/system/Database/BaseConnection.php(382): CodeIgniter\Database\MySQLi\Connection->connect(false)
#1 /Users/adityatulsyan/ci-news/vendor/codeigniter4/framework/system/Database/BaseConnection.php(561): CodeIgniter\Database\BaseConnection->initialize()
#2 /Users/adityatulsyan/ci-news/vendor/codeigniter4/framework/system/Database/BaseBuilder.php(1585): CodeIgniter\Database\BaseConnection->query('SELECT *\nFROM `...', Array, false)
#3 /Users/adityatulsyan/ci-news/vendor/codeigniter4/framework/system/Model.php(223): CodeIgniter\Database\BaseBuilder->get()
#4 /Users/adityatulsyan/ci-news/vendor/codeigniter4/framework/system/BaseModel.php(585): CodeIgniter\Model->doFindAll(0, 0)
#5 /Users/adityatulsyan/ci-news/app/Models/NewsModel.php(14): CodeIgniter\BaseModel->findAll()
#6 /Users/adityatulsyan/ci-news/app/Controllers/News.php(14): App\Models\NewsModel->getNews()
#7 /Users/adityatulsyan/ci-news/vendor/codeigniter4/framework/system/CodeIgniter.php(927): App\Controllers\News->index()
#8 /Users/adityatulsyan/ci-news/vendor/codeigniter4/framework/system/CodeIgniter.php(482): CodeIgniter\CodeIgniter->runController(Object(App\Controllers\News))
#9 /Users/adityatulsyan/ci-news/vendor/codeigniter4/framework/system/CodeIgniter.php(351): CodeIgniter\CodeIgniter->handleRequest(NULL, Object(Config\Cache), false)
#10 /Users/adityatulsyan/ci-news/public/index.php(67): CodeIgniter\CodeIgniter->run()
#11 /Users/adityatulsyan/ci-news/vendor/codeigniter4/framework/system/Commands/Server/rewrite.php(46): require_once('/Users/adityatu...')
#12 {main}
CRITICAL - 2022-11-01 16:04:04 --> Unable to connect to the database.
Main connection [MySQLi]: No such file or directory
in SYSTEMPATH/Database/BaseConnection.php on line 418.
 1 SYSTEMPATH/Database/BaseConnection.php(561): CodeIgniter\Database\BaseConnection->initialize()
 2 SYSTEMPATH/Database/BaseBuilder.php(1585): CodeIgniter\Database\BaseConnection->query('SELECT *
FROM `news`', [], false)
 3 SYSTEMPATH/Model.php(223): CodeIgniter\Database\BaseBuilder->get()
 4 SYSTEMPATH/BaseModel.php(585): CodeIgniter\Model->doFindAll(0, 0)
 5 APPPATH/Models/NewsModel.php(14): CodeIgniter\BaseModel->findAll()
 6 APPPATH/Controllers/News.php(14): App\Models\NewsModel->getNews()
 7 SYSTEMPATH/CodeIgniter.php(927): App\Controllers\News->index()
 8 SYSTEMPATH/CodeIgniter.php(482): CodeIgniter\CodeIgniter->runController(Object(App\Controllers\News))
 9 SYSTEMPATH/CodeIgniter.php(351): CodeIgniter\CodeIgniter->handleRequest(null, Object(Config\Cache), false)
10 FCPATH/index.php(67): CodeIgniter\CodeIgniter->run()
11 SYSTEMPATH/Commands/Server/rewrite.php(46): require_once('FCPATH/index.php')
ERROR - 2022-11-01 16:04:07 --> Error connecting to the database: mysqli_sql_exception: No such file or directory in /Users/adityatulsyan/ci-news/vendor/codeigniter4/framework/system/Database/MySQLi/Connection.php:171
Stack trace:
#0 /Users/adityatulsyan/ci-news/vendor/codeigniter4/framework/system/Database/MySQLi/Connection.php(171): mysqli->real_connect('localhost', 'root', 'root', 'ci-4', 3306, '', 0)
#1 /Users/adityatulsyan/ci-news/vendor/codeigniter4/framework/system/Database/BaseConnection.php(382): CodeIgniter\Database\MySQLi\Connection->connect(false)
#2 /Users/adityatulsyan/ci-news/vendor/codeigniter4/framework/system/Database/BaseConnection.php(561): CodeIgniter\Database\BaseConnection->initialize()
#3 /Users/adityatulsyan/ci-news/vendor/codeigniter4/framework/system/Database/BaseBuilder.php(1585): CodeIgniter\Database\BaseConnection->query('SELECT *\nFROM `...', Array, false)
#4 /Users/adityatulsyan/ci-news/vendor/codeigniter4/framework/system/Model.php(223): CodeIgniter\Database\BaseBuilder->get()
#5 /Users/adityatulsyan/ci-news/vendor/codeigniter4/framework/system/BaseModel.php(585): CodeIgniter\Model->doFindAll(0, 0)
#6 /Users/adityatulsyan/ci-news/app/Models/NewsModel.php(14): CodeIgniter\BaseModel->findAll()
#7 /Users/adityatulsyan/ci-news/app/Controllers/News.php(14): App\Models\NewsModel->getNews()
#8 /Users/adityatulsyan/ci-news/vendor/codeigniter4/framework/system/CodeIgniter.php(927): App\Controllers\News->index()
#9 /Users/adityatulsyan/ci-news/vendor/codeigniter4/framework/system/CodeIgniter.php(482): CodeIgniter\CodeIgniter->runController(Object(App\Controllers\News))
#10 /Users/adityatulsyan/ci-news/vendor/codeigniter4/framework/system/CodeIgniter.php(351): CodeIgniter\CodeIgniter->handleRequest(NULL, Object(Config\Cache), false)
#11 /Users/adityatulsyan/ci-news/public/index.php(67): CodeIgniter\CodeIgniter->run()
#12 /Users/adityatulsyan/ci-news/vendor/codeigniter4/framework/system/Commands/Server/rewrite.php(46): require_once('/Users/adityatu...')
#13 {main}

Next CodeIgniter\Database\Exceptions\DatabaseException: No such file or directory in /Users/adityatulsyan/ci-news/vendor/codeigniter4/framework/system/Database/MySQLi/Connection.php:215
Stack trace:
#0 /Users/adityatulsyan/ci-news/vendor/codeigniter4/framework/system/Database/BaseConnection.php(382): CodeIgniter\Database\MySQLi\Connection->connect(false)
#1 /Users/adityatulsyan/ci-news/vendor/codeigniter4/framework/system/Database/BaseConnection.php(561): CodeIgniter\Database\BaseConnection->initialize()
#2 /Users/adityatulsyan/ci-news/vendor/codeigniter4/framework/system/Database/BaseBuilder.php(1585): CodeIgniter\Database\BaseConnection->query('SELECT *\nFROM `...', Array, false)
#3 /Users/adityatulsyan/ci-news/vendor/codeigniter4/framework/system/Model.php(223): CodeIgniter\Database\BaseBuilder->get()
#4 /Users/adityatulsyan/ci-news/vendor/codeigniter4/framework/system/BaseModel.php(585): CodeIgniter\Model->doFindAll(0, 0)
#5 /Users/adityatulsyan/ci-news/app/Models/NewsModel.php(14): CodeIgniter\BaseModel->findAll()
#6 /Users/adityatulsyan/ci-news/app/Controllers/News.php(14): App\Models\NewsModel->getNews()
#7 /Users/adityatulsyan/ci-news/vendor/codeigniter4/framework/system/CodeIgniter.php(927): App\Controllers\News->index()
#8 /Users/adityatulsyan/ci-news/vendor/codeigniter4/framework/system/CodeIgniter.php(482): CodeIgniter\CodeIgniter->runController(Object(App\Controllers\News))
#9 /Users/adityatulsyan/ci-news/vendor/codeigniter4/framework/system/CodeIgniter.php(351): CodeIgniter\CodeIgniter->handleRequest(NULL, Object(Config\Cache), false)
#10 /Users/adityatulsyan/ci-news/public/index.php(67): CodeIgniter\CodeIgniter->run()
#11 /Users/adityatulsyan/ci-news/vendor/codeigniter4/framework/system/Commands/Server/rewrite.php(46): require_once('/Users/adityatu...')
#12 {main}
CRITICAL - 2022-11-01 16:04:07 --> Unable to connect to the database.
Main connection [MySQLi]: No such file or directory
in SYSTEMPATH/Database/BaseConnection.php on line 418.
 1 SYSTEMPATH/Database/BaseConnection.php(561): CodeIgniter\Database\BaseConnection->initialize()
 2 SYSTEMPATH/Database/BaseBuilder.php(1585): CodeIgniter\Database\BaseConnection->query('SELECT *
FROM `news`', [], false)
 3 SYSTEMPATH/Model.php(223): CodeIgniter\Database\BaseBuilder->get()
 4 SYSTEMPATH/BaseModel.php(585): CodeIgniter\Model->doFindAll(0, 0)
 5 APPPATH/Models/NewsModel.php(14): CodeIgniter\BaseModel->findAll()
 6 APPPATH/Controllers/News.php(14): App\Models\NewsModel->getNews()
 7 SYSTEMPATH/CodeIgniter.php(927): App\Controllers\News->index()
 8 SYSTEMPATH/CodeIgniter.php(482): CodeIgniter\CodeIgniter->runController(Object(App\Controllers\News))
 9 SYSTEMPATH/CodeIgniter.php(351): CodeIgniter\CodeIgniter->handleRequest(null, Object(Config\Cache), false)
10 FCPATH/index.php(67): CodeIgniter\CodeIgniter->run()
11 SYSTEMPATH/Commands/Server/rewrite.php(46): require_once('FCPATH/index.php')
ERROR - 2022-11-01 23:29:29 --> Error connecting to the database: mysqli_sql_exception: No such file or directory in /Users/adityatulsyan/ci-news/vendor/codeigniter4/framework/system/Database/MySQLi/Connection.php:171
Stack trace:
#0 /Users/adityatulsyan/ci-news/vendor/codeigniter4/framework/system/Database/MySQLi/Connection.php(171): mysqli->real_connect('localhost', 'root', 'root', 'ci-4', 3306, '', 0)
#1 /Users/adityatulsyan/ci-news/vendor/codeigniter4/framework/system/Database/BaseConnection.php(382): CodeIgniter\Database\MySQLi\Connection->connect(false)
#2 /Users/adityatulsyan/ci-news/vendor/codeigniter4/framework/system/Database/BaseConnection.php(561): CodeIgniter\Database\BaseConnection->initialize()
#3 /Users/adityatulsyan/ci-news/vendor/codeigniter4/framework/system/Database/BaseBuilder.php(1585): CodeIgniter\Database\BaseConnection->query('SELECT *\nFROM `...', Array, false)
#4 /Users/adityatulsyan/ci-news/vendor/codeigniter4/framework/system/Model.php(223): CodeIgniter\Database\BaseBuilder->get()
#5 /Users/adityatulsyan/ci-news/vendor/codeigniter4/framework/system/BaseModel.php(585): CodeIgniter\Model->doFindAll(0, 0)
#6 /Users/adityatulsyan/ci-news/app/Models/NewsModel.php(14): CodeIgniter\BaseModel->findAll()
#7 /Users/adityatulsyan/ci-news/app/Controllers/News.php(14): App\Models\NewsModel->getNews()
#8 /Users/adityatulsyan/ci-news/vendor/codeigniter4/framework/system/CodeIgniter.php(927): App\Controllers\News->index()
#9 /Users/adityatulsyan/ci-news/vendor/codeigniter4/framework/system/CodeIgniter.php(482): CodeIgniter\CodeIgniter->runController(Object(App\Controllers\News))
#10 /Users/adityatulsyan/ci-news/vendor/codeigniter4/framework/system/CodeIgniter.php(351): CodeIgniter\CodeIgniter->handleRequest(NULL, Object(Config\Cache), false)
#11 /Users/adityatulsyan/ci-news/public/index.php(67): CodeIgniter\CodeIgniter->run()
#12 /Users/adityatulsyan/ci-news/vendor/codeigniter4/framework/system/Commands/Server/rewrite.php(46): require_once('/Users/adityatu...')
#13 {main}

Next CodeIgniter\Database\Exceptions\DatabaseException: No such file or directory in /Users/adityatulsyan/ci-news/vendor/codeigniter4/framework/system/Database/MySQLi/Connection.php:215
Stack trace:
#0 /Users/adityatulsyan/ci-news/vendor/codeigniter4/framework/system/Database/BaseConnection.php(382): CodeIgniter\Database\MySQLi\Connection->connect(false)
#1 /Users/adityatulsyan/ci-news/vendor/codeigniter4/framework/system/Database/BaseConnection.php(561): CodeIgniter\Database\BaseConnection->initialize()
#2 /Users/adityatulsyan/ci-news/vendor/codeigniter4/framework/system/Database/BaseBuilder.php(1585): CodeIgniter\Database\BaseConnection->query('SELECT *\nFROM `...', Array, false)
#3 /Users/adityatulsyan/ci-news/vendor/codeigniter4/framework/system/Model.php(223): CodeIgniter\Database\BaseBuilder->get()
#4 /Users/adityatulsyan/ci-news/vendor/codeigniter4/framework/system/BaseModel.php(585): CodeIgniter\Model->doFindAll(0, 0)
#5 /Users/adityatulsyan/ci-news/app/Models/NewsModel.php(14): CodeIgniter\BaseModel->findAll()
#6 /Users/adityatulsyan/ci-news/app/Controllers/News.php(14): App\Models\NewsModel->getNews()
#7 /Users/adityatulsyan/ci-news/vendor/codeigniter4/framework/system/CodeIgniter.php(927): App\Controllers\News->index()
#8 /Users/adityatulsyan/ci-news/vendor/codeigniter4/framework/system/CodeIgniter.php(482): CodeIgniter\CodeIgniter->runController(Object(App\Controllers\News))
#9 /Users/adityatulsyan/ci-news/vendor/codeigniter4/framework/system/CodeIgniter.php(351): CodeIgniter\CodeIgniter->handleRequest(NULL, Object(Config\Cache), false)
#10 /Users/adityatulsyan/ci-news/public/index.php(67): CodeIgniter\CodeIgniter->run()
#11 /Users/adityatulsyan/ci-news/vendor/codeigniter4/framework/system/Commands/Server/rewrite.php(46): require_once('/Users/adityatu...')
#12 {main}
CRITICAL - 2022-11-01 23:29:29 --> Unable to connect to the database.
Main connection [MySQLi]: No such file or directory
in SYSTEMPATH/Database/BaseConnection.php on line 418.
 1 SYSTEMPATH/Database/BaseConnection.php(561): CodeIgniter\Database\BaseConnection->initialize()
 2 SYSTEMPATH/Database/BaseBuilder.php(1585): CodeIgniter\Database\BaseConnection->query('SELECT *
FROM `news`', [], false)
 3 SYSTEMPATH/Model.php(223): CodeIgniter\Database\BaseBuilder->get()
 4 SYSTEMPATH/BaseModel.php(585): CodeIgniter\Model->doFindAll(0, 0)
 5 APPPATH/Models/NewsModel.php(14): CodeIgniter\BaseModel->findAll()
 6 APPPATH/Controllers/News.php(14): App\Models\NewsModel->getNews()
 7 SYSTEMPATH/CodeIgniter.php(927): App\Controllers\News->index()
 8 SYSTEMPATH/CodeIgniter.php(482): CodeIgniter\CodeIgniter->runController(Object(App\Controllers\News))
 9 SYSTEMPATH/CodeIgniter.php(351): CodeIgniter\CodeIgniter->handleRequest(null, Object(Config\Cache), false)
10 FCPATH/index.php(67): CodeIgniter\CodeIgniter->run()
11 SYSTEMPATH/Commands/Server/rewrite.php(46): require_once('FCPATH/index.php')
